This file contains any messages produced by compilers while
running configure, to aid debugging if configure makes a mistake.

It was created by solarclient configure git, which was
generated by GNU Autoconf 2.68.  Invocation command line was

  $ ./configure --no-create --no-recursion

## --------- ##
## Platform. ##
## --------- ##

hostname = aeroline
uname -m = x86_64
uname -r = 2.6.37.6
uname -s = Linux
uname -v = #3 SMP Sat Apr 9 22:49:32 CDT 2011

/usr/bin/uname -p = Intel(R) Xeon(R) CPU            3050  @ 2.13GHz
/bin/uname -X     = unknown

/bin/arch              = x86_64
/usr/bin/arch -k       = unknown
/usr/convex/getsysinfo = unknown
/usr/bin/hostinfo      = unknown
/bin/machine           = unknown
/usr/bin/oslevel       = unknown
/bin/universe          = unknown

PATH: /usr/local/bin
PATH: /usr/bin
PATH: /bin
PATH: /usr/games
PATH: /usr/lib64/java/bin
PATH: /usr/lib64/kde4/libexec
PATH: /usr/lib64/qt/bin
PATH: /usr/share/texmf/bin
PATH: .
PATH: ~/bin


## ----------- ##
## Core tests. ##
## ----------- ##

configure:1853: checking for a BSD-compatible install
configure:1921: result: /usr/bin/ginstall -c
configure:1932: checking whether build environment is sane
configure:1982: result: yes
configure:2123: checking for a thread-safe mkdir -p
configure:2162: result: /usr/bin/mkdir -p
configure:2175: checking for gawk
configure:2191: found /usr/bin/gawk
configure:2202: result: gawk
configure:2213: checking whether make sets $(MAKE)
configure:2235: result: yes
configure:2373: checking for g++
configure:2389: found /usr/bin/g++
configure:2400: result: g++
configure:2427: checking for C++ compiler version
configure:2436: g++ --version >&5
g++ (GCC) 4.5.2
Copyright (C) 2010 Free Software Foundation, Inc.
This is free software; see the source for copying conditions.  There is NO
warranty; not even for MERCHANTABILITY or FITNESS FOR A PARTICULAR PURPOSE.

configure:2447: $? = 0
configure:2436: g++ -v >&5
Reading specs from /usr/lib64/gcc/x86_64-slackware-linux/4.5.2/specs
COLLECT_GCC=g++
COLLECT_LTO_WRAPPER=/usr/libexec/gcc/x86_64-slackware-linux/4.5.2/lto-wrapper
Target: x86_64-slackware-linux
Configured with: ../gcc-4.5.2/configure --prefix=/usr --libdir=/usr/lib64 --mandir=/usr/man --infodir=/usr/info --enable-shared --enable-bootstrap --enable-languages=ada,c,c++,fortran,java,objc,lto --enable-threads=posix --enable-checking=release --with-system-zlib --with-python-dir=/lib64/python2.6/site-packages --disable-libunwind-exceptions --enable-__cxa_atexit --enable-libssp --enable-lto --with-gnu-ld --verbose --disable-multilib --target=x86_64-slackware-linux --build=x86_64-slackware-linux --host=x86_64-slackware-linux
Thread model: posix
gcc version 4.5.2 (GCC) 
configure:2447: $? = 0
configure:2436: g++ -V >&5
g++: '-V' option must have argument
configure:2447: $? = 1
configure:2436: g++ -qversion >&5
g++: unrecognized option '-qversion'
g++: no input files
configure:2447: $? = 1
configure:2467: checking whether the C++ compiler works
configure:2489: g++    conftest.cpp  >&5
configure:2493: $? = 0
configure:2541: result: yes
configure:2544: checking for C++ compiler default output file name
configure:2546: result: a.out
configure:2552: checking for suffix of executables
configure:2559: g++ -o conftest    conftest.cpp  >&5
configure:2563: $? = 0
configure:2585: result: 
configure:2607: checking whether we are cross compiling
configure:2615: g++ -o conftest    conftest.cpp  >&5
configure:2619: $? = 0
configure:2626: ./conftest
configure:2630: $? = 0
configure:2645: result: no
configure:2650: checking for suffix of object files
configure:2672: g++ -c   conftest.cpp >&5
configure:2676: $? = 0
configure:2697: result: o
configure:2701: checking whether we are using the GNU C++ compiler
configure:2720: g++ -c   conftest.cpp >&5
configure:2720: $? = 0
configure:2729: result: yes
configure:2738: checking whether g++ accepts -g
configure:2758: g++ -c -g  conftest.cpp >&5
configure:2758: $? = 0
configure:2799: result: yes
configure:2833: checking for style of include used by make
configure:2861: result: GNU
configure:2886: checking dependency style of g++
configure:2996: result: gcc3
configure:3059: checking for gcc
configure:3075: found /usr/bin/gcc
configure:3086: result: gcc
configure:3315: checking for C compiler version
configure:3324: gcc --version >&5
gcc (GCC) 4.5.2
Copyright (C) 2010 Free Software Foundation, Inc.
This is free software; see the source for copying conditions.  There is NO
warranty; not even for MERCHANTABILITY or FITNESS FOR A PARTICULAR PURPOSE.

configure:3335: $? = 0
configure:3324: gcc -v >&5
Reading specs from /usr/lib64/gcc/x86_64-slackware-linux/4.5.2/specs
COLLECT_GCC=gcc
COLLECT_LTO_WRAPPER=/usr/libexec/gcc/x86_64-slackware-linux/4.5.2/lto-wrapper
Target: x86_64-slackware-linux
Configured with: ../gcc-4.5.2/configure --prefix=/usr --libdir=/usr/lib64 --mandir=/usr/man --infodir=/usr/info --enable-shared --enable-bootstrap --enable-languages=ada,c,c++,fortran,java,objc,lto --enable-threads=posix --enable-checking=release --with-system-zlib --with-python-dir=/lib64/python2.6/site-packages --disable-libunwind-exceptions --enable-__cxa_atexit --enable-libssp --enable-lto --with-gnu-ld --verbose --disable-multilib --target=x86_64-slackware-linux --build=x86_64-slackware-linux --host=x86_64-slackware-linux
Thread model: posix
gcc version 4.5.2 (GCC) 
configure:3335: $? = 0
configure:3324: gcc -V >&5
gcc: '-V' option must have argument
configure:3335: $? = 1
configure:3324: gcc -qversion >&5
gcc: unrecognized option '-qversion'
gcc: no input files
configure:3335: $? = 1
configure:3339: checking whether we are using the GNU C compiler
configure:3358: gcc -c   conftest.c >&5
configure:3358: $? = 0
configure:3367: result: yes
configure:3376: checking whether gcc accepts -g
configure:3396: gcc -c -g  conftest.c >&5
configure:3396: $? = 0
configure:3437: result: yes
configure:3454: checking for gcc option to accept ISO C89
configure:3518: gcc  -c -g -O2  conftest.c >&5
configure:3518: $? = 0
configure:3531: result: none needed
configure:3553: checking dependency style of gcc
configure:3663: result: gcc3
configure:3721: checking for ranlib
configure:3737: found /usr/bin/ranlib
configure:3748: result: ranlib
configure:3910: creating ./config.status

## ---------------- ##
## Cache variables. ##
## ---------------- ##

ac_cv_c_compiler_gnu=yes
ac_cv_cxx_compiler_gnu=yes
ac_cv_env_CCC_set=
ac_cv_env_CCC_value=
ac_cv_env_CC_set=
ac_cv_env_CC_value=
ac_cv_env_CFLAGS_set=
ac_cv_env_CFLAGS_value=
ac_cv_env_CPPFLAGS_set=
ac_cv_env_CPPFLAGS_value=
ac_cv_env_CXXFLAGS_set=
ac_cv_env_CXXFLAGS_value=
ac_cv_env_CXX_set=
ac_cv_env_CXX_value=
ac_cv_env_LDFLAGS_set=
ac_cv_env_LDFLAGS_value=
ac_cv_env_LIBS_set=
ac_cv_env_LIBS_value=
ac_cv_env_build_alias_set=
ac_cv_env_build_alias_value=
ac_cv_env_host_alias_set=
ac_cv_env_host_alias_value=
ac_cv_env_target_alias_set=
ac_cv_env_target_alias_value=
ac_cv_objext=o
ac_cv_path_install='/usr/bin/ginstall -c'
ac_cv_path_mkdir=/usr/bin/mkdir
ac_cv_prog_AWK=gawk
ac_cv_prog_ac_ct_CC=gcc
ac_cv_prog_ac_ct_CXX=g++
ac_cv_prog_ac_ct_RANLIB=ranlib
ac_cv_prog_cc_c89=
ac_cv_prog_cc_g=yes
ac_cv_prog_cxx_g=yes
ac_cv_prog_make_make_set=yes
am_cv_CC_dependencies_compiler_type=gcc3
am_cv_CXX_dependencies_compiler_type=gcc3

## ----------------- ##
## Output variables. ##
## ----------------- ##

ACLOCAL='${SHELL} /home/leon/src/serserver/client/config/missing --run aclocal-1.11'
AMDEPBACKSLASH='\'
AMDEP_FALSE='#'
AMDEP_TRUE=''
AMTAR='${SHELL} /home/leon/src/serserver/client/config/missing --run tar'
AUTOCONF='${SHELL} /home/leon/src/serserver/client/config/missing --run autoconf'
AUTOHEADER='${SHELL} /home/leon/src/serserver/client/config/missing --run autoheader'
AUTOMAKE='${SHELL} /home/leon/src/serserver/client/config/missing --run automake-1.11'
AWK='gawk'
CC='gcc'
CCDEPMODE='depmode=gcc3'
CFLAGS='-g -O2'
CPPFLAGS=''
CXX='g++'
CXXDEPMODE='depmode=gcc3'
CXXFLAGS='-g -O2'
CYGPATH_W='echo'
DEFS='-DHAVE_CONFIG_H'
DEPDIR='.deps'
ECHO_C=''
ECHO_N='-n'
ECHO_T=''
EXEEXT=''
INSTALL_DATA='${INSTALL} -m 644'
INSTALL_PROGRAM='${INSTALL}'
INSTALL_SCRIPT='${INSTALL}'
INSTALL_STRIP_PROGRAM='$(install_sh) -c -s'
LDFLAGS=''
LIBOBJS=''
LIBS=''
LTLIBOBJS=''
MAKEINFO='${SHELL} /home/leon/src/serserver/client/config/missing --run makeinfo'
MKDIR_P='/usr/bin/mkdir -p'
OBJEXT='o'
PACKAGE='solarclient'
PACKAGE_BUGREPORT='leon@hiemstra-electronics.com'
PACKAGE_NAME='solarclient'
PACKAGE_STRING='solarclient git'
PACKAGE_TARNAME='solarclient'
PACKAGE_URL=''
PACKAGE_VERSION='git'
PATH_SEPARATOR=':'
RANLIB='ranlib'
SET_MAKE=''
SHELL='/bin/sh'
STRIP=''
VERSION='git'
ac_ct_CC='gcc'
ac_ct_CXX='g++'
am__EXEEXT_FALSE=''
am__EXEEXT_TRUE='#'
am__fastdepCC_FALSE='#'
am__fastdepCC_TRUE=''
am__fastdepCXX_FALSE='#'
am__fastdepCXX_TRUE=''
am__include='include'
am__isrc=''
am__leading_dot='.'
am__quote=''
am__tar='${AMTAR} chof - "$$tardir"'
am__untar='${AMTAR} xf -'
bindir='${exec_prefix}/bin'
build_alias=''
datadir='${datarootdir}'
datarootdir='${prefix}/share'
docdir='${datarootdir}/doc/${PACKAGE_TARNAME}'
dvidir='${docdir}'
exec_prefix='${prefix}'
host_alias=''
htmldir='${docdir}'
includedir='${prefix}/include'
infodir='${datarootdir}/info'
install_sh='${SHELL} /home/leon/src/serserver/client/config/install-sh'
libdir='${exec_prefix}/lib'
libexecdir='${exec_prefix}/libexec'
localedir='${datarootdir}/locale'
localstatedir='${prefix}/var'
mandir='${datarootdir}/man'
mkdir_p='/usr/bin/mkdir -p'
oldincludedir='/usr/include'
pdfdir='${docdir}'
prefix='/usr/local'
program_transform_name='s,x,x,'
psdir='${docdir}'
sbindir='${exec_prefix}/sbin'
sharedstatedir='${prefix}/com'
sysconfdir='${prefix}/etc'
target_alias=''

## ----------- ##
## confdefs.h. ##
## ----------- ##

/* confdefs.h */
#define PACKAGE_NAME "solarclient"
#define PACKAGE_TARNAME "solarclient"
#define PACKAGE_VERSION "git"
#define PACKAGE_STRING "solarclient git"
#define PACKAGE_BUGREPORT "leon@hiemstra-electronics.com"
#define PACKAGE_URL ""
#define PACKAGE "solarclient"
#define VERSION "git"

configure: exit 0

## ---------------------- ##
## Running config.status. ##
## ---------------------- ##

This file was extended by solarclient config.status git, which was
generated by GNU Autoconf 2.68.  Invocation command line was

  CONFIG_FILES    = 
  CONFIG_HEADERS  = 
  CONFIG_LINKS    = 
  CONFIG_COMMANDS = 
  $ ./config.status 

on aeroline

config.status:854: creating Makefile
config.status:854: creating socket/Makefile
config.status:854: creating config.h
config.status:1083: executing depfiles commands
